<?xml version="1.0" encoding="UTF-8" ?>
<testsuite tests="8" failures="0" name="eu.redzoo.article.javaworld.reliable.RestServicesTest" time="1.778" errors="0" skipped="0">
  <properties>
[...]
</properties>
  <testcase classname="eu.redzoo.article.javaworld.reliable.RestServicesTest" name="testRetrievePaymentMethodNewUserGoodAddressBulk" time="1.559"/>
  <testcase classname="eu.redzoo.article.javaworld.reliable.RestServicesTest" name="testRetrievePayment" time="0.038"/>
  <testcase classname="eu.redzoo.article.javaworld.reliable.RestServicesTest" name="testRetrievePaymentMethodNewUserGoodAddress" time="0.01"/>
  <testcase classname="eu.redzoo.article.javaworld.reliable.RestServicesTest" name="testRetrievePaymentMethodNewUserBadAddress" time="0.008"/>
  <testcase classname="eu.redzoo.article.javaworld.reliable.RestServicesTest" name="testRetrievePaymentMethodNewUserUnknownAddress" time="0.015"/>
  <testcase classname="eu.redzoo.article.javaworld.reliable.RestServicesTest" name="testRetrievePaymentNotFound" time="0.007"/>
  <testcase classname="eu.redzoo.article.javaworld.reliable.RestServicesTest" name="testRetrievePaymentNotFoundAsync" time="0.131"/>
  <testcase classname="eu.redzoo.article.javaworld.reliable.RestServicesTest" name="testRetrievePaymentAsync" time="0.01"/>
</testsuite>